[2021-05-04 23:13:27.171] [exthost] [info] extension host started
[2021-05-04 23:13:27.236] [exthost] [info] ExtensionService#_doActivateExtension vscode.debug-auto-launch {"startup":true,"extensionId":{"value":"vscode.debug-auto-launch","_lower":"vscode.debug-auto-launch"},"activationEvent":"*"}
[2021-05-04 23:13:27.237] [exthost] [info] ExtensionService#loadCommonJSModule file:///home/jthomas102923/.vscode-server/bin/3c4e3df9e89829dce27b7b5c24508306b151f30d/extensions/debug-auto-launch/dist/extension
[2021-05-04 23:13:27.248] [exthost] [info] ExtensionService#_doActivateExtension vscode.git {"startup":true,"extensionId":{"value":"vscode.github","_lower":"vscode.github"},"activationEvent":"*"}
[2021-05-04 23:13:27.248] [exthost] [info] ExtensionService#loadCommonJSModule file:///home/jthomas102923/.vscode-server/bin/3c4e3df9e89829dce27b7b5c24508306b151f30d/extensions/git/dist/main
[2021-05-04 23:13:27.654] [exthost] [info] ExtensionService#_doActivateExtension vscode.github {"startup":true,"extensionId":{"value":"vscode.github","_lower":"vscode.github"},"activationEvent":"*"}
[2021-05-04 23:13:27.655] [exthost] [info] ExtensionService#loadCommonJSModule file:///home/jthomas102923/.vscode-server/bin/3c4e3df9e89829dce27b7b5c24508306b151f30d/extensions/github/dist/extension.js
[2021-05-04 23:13:27.953] [exthost] [info] ExtensionService#_doActivateExtension vscode.emmet {"startup":false,"extensionId":{"value":"vscode.emmet","_lower":"vscode.emmet"},"activationEvent":"onStartupFinished"}
[2021-05-04 23:13:27.954] [exthost] [info] ExtensionService#loadCommonJSModule file:///home/jthomas102923/.vscode-server/bin/3c4e3df9e89829dce27b7b5c24508306b151f30d/extensions/emmet/dist/node/emmetNodeMain
[2021-05-04 23:13:27.988] [exthost] [info] ExtensionService#_doActivateExtension vscode.merge-conflict {"startup":false,"extensionId":{"value":"vscode.merge-conflict","_lower":"vscode.merge-conflict"},"activationEvent":"onStartupFinished"}
[2021-05-04 23:13:27.988] [exthost] [info] ExtensionService#loadCommonJSModule file:///home/jthomas102923/.vscode-server/bin/3c4e3df9e89829dce27b7b5c24508306b151f30d/extensions/merge-conflict/dist/mergeConflictMain
[2021-05-04 23:13:27.996] [exthost] [info] ExtensionService#_doActivateExtension vscode.testing-editor-contributions {"startup":false,"extensionId":{"value":"vscode.testing-editor-contributions","_lower":"vscode.testing-editor-contributions"},"activationEvent":"onStartupFinished"}
[2021-05-04 23:13:27.996] [exthost] [info] ExtensionService#loadCommonJSModule file:///home/jthomas102923/.vscode-server/bin/3c4e3df9e89829dce27b7b5c24508306b151f30d/extensions/testing-editor-contributions/dist/extension.js
[2021-05-04 23:13:27.998] [exthost] [info] eager extensions activated
[2021-05-04 23:13:28.017] [exthost] [info] ExtensionService#_doActivateExtension ms-vscode.js-debug {"startup":false,"extensionId":{"value":"ms-vscode.js-debug","_lower":"ms-vscode.js-debug"},"activationEvent":"onCommand:extension.js-debug.clearAutoAttachVariables"}
[2021-05-04 23:13:28.017] [exthost] [info] ExtensionService#loadCommonJSModule file:///home/jthomas102923/.vscode-server/bin/3c4e3df9e89829dce27b7b5c24508306b151f30d/extensions/ms-vscode.js-debug/src/extension.js
[2021-05-04 23:16:44.802] [exthost] [info] ExtensionService#_doActivateExtension vscode.html-language-features {"startup":false,"extensionId":{"value":"vscode.html-language-features","_lower":"vscode.html-language-features"},"activationEvent":"onLanguage:html"}
[2021-05-04 23:16:44.802] [exthost] [info] ExtensionService#loadCommonJSModule file:///home/jthomas102923/.vscode-server/bin/3c4e3df9e89829dce27b7b5c24508306b151f30d/extensions/html-language-features/client/dist/node/htmlClientMain
[2021-05-04 23:46:31.850] [exthost] [warning] [Decorations] CAPPING events from decorations provider vscode.git 1738
[2021-05-04 23:58:09.744] [exthost] [warning] [Decorations] CAPPING events from decorations provider vscode.git 1739
